<?xml version="1.0" encoding="UTF-8"?>
<!-- Generated by org.testng.reporters.JUnitXMLReporter -->
<testsuite hostname="LAPTOP-QKUQ4M0G" ignored="0" name="Test" tests="5" failures="0" timestamp="06 Nov 2020 16:43:19 GMT" time="28.882" errors="0">
  <testcase name="clickingAllSections1" time="13.134" classname="com.GrootanTest"/>
  <testcase name="clickingAllSections2" time="10.927" classname="com.GrootanTest"/>
  <testcase name="comparingAllSections" time="3.445" classname="com.GrootanTest"/>
  <testcase name="compareTwoPersonsimage" time="0.631" classname="com.GrootanTest"/>
  <testcase name="juniorEngineersList" time="0.621" classname="com.GrootanTest"/>
</testsuite> <!-- Test -->
