<?xml version="1.0" encoding="UTF-8"?>
<!-- Generated by org.testng.reporters.JUnitXMLReporter -->
<testsuite hostname="LAPTOP-QKUQ4M0G" ignored="0" name="Default test" tests="5" failures="0" timestamp="07 Nov 2020 14:34:55 GMT" time="26.381" errors="0">
  <testcase name="clickingAllSections1" time="13.433" classname="com.GrootanTest"/>
  <testcase name="clickingAllSections2" time="9.5" classname="com.GrootanTest"/>
  <testcase name="comparingAllSections" time="1.395" classname="com.GrootanTest"/>
  <testcase name="compareTwoPersonsimage" time="0.779" classname="com.GrootanTest"/>
  <testcase name="juniorEngineersList" time="1.09" classname="com.GrootanTest"/>
</testsuite> <!-- Default test -->
