<?xml version="1.0" encoding="UTF-8"?>
<!-- Generated by org.testng.reporters.JUnitXMLReporter -->
<testsuite hostname="LAPTOP-QKUQ4M0G" ignored="0" name="Default test" tests="6" failures="0" timestamp="03 Nov 2020 17:10:35 GMT" time="207.682" errors="0">
  <testcase name="clickingAllSections1" time="14.121" classname="com.GrootonTest"/>
  <testcase name="clickingAllSections2" time="167.514" classname="com.GrootonTest"/>
  <testcase name="comparingAllSections" time="9.146" classname="com.GrootonTest"/>
  <testcase name="compareTwoPersonsimage" time="3.729" classname="com.GrootonTest"/>
  <testcase name="juniorEngineersList" time="1.381" classname="com.GrootonTest"/>
  <testcase name="testResultsCreation" time="0.216" classname="com.GrootonTest"/>
</testsuite> <!-- Default test -->
